{
  "stats": {
    "suites": 1,
    "tests": 1,
    "passes": 1,
    "pending": 0,
    "failures": 0,
    "start": "2022-11-23T12:17:18.904Z",
    "end": "2022-11-23T12:17:38.565Z",
    "duration": 19661,
    "testsRegistered": 1,
    "passPercent": 100,
    "pendingPercent": 0,
    "other": 0,
    "hasOther": false,
    "skipped": 0,
    "hasSkipped": false
  },
  "results": [
    {
      "uuid": "7e06c381-94d4-4fa2-961f-06a9902c0303",
      "title": "",
      "fullFile": "cypress\\e2e\\AmazonSearch.spec.cy.js",
      "file": "cypress\\e2e\\AmazonSearch.spec.cy.js",
      "beforeHooks": [],
      "afterHooks": [],
      "tests": [],
      "suites": [
        {
          "uuid": "fb243795-ce17-4e71-b250-babd576a59ec",
          "title": "Verify Search option on Amazon",
          "fullFile": "",
          "file": "",
          "beforeHooks": [],
          "afterHooks": [],
          "tests": [
            {
              "title": "Verify Search option is available ",
              "fullTitle": "Verify Search option on Amazon Verify Search option is available ",
              "timedOut": null,
              "duration": 19016,
              "state": "passed",
              "speed": "slow",
              "pass": true,
              "fail": false,
              "pending": false,
              "context": null,
              "code": "",
              "err": {},
              "uuid": "3d48dc38-99ef-47d0-b2d7-ed9817f1fcc1",
              "parentUUID": "fb243795-ce17-4e71-b250-babd576a59ec",
              "isHook": false,
              "skipped": false
            }
          ],
          "suites": [],
          "passes": [
            "3d48dc38-99ef-47d0-b2d7-ed9817f1fcc1"
          ],
          "failures": [],
          "pending": [],
          "skipped": [],
          "duration": 19016,
          "root": false,
          "rootEmpty": false,
          "_timeout": 2000
        }
      ],
      "passes": [],
      "failures": [],
      "pending": [],
      "skipped": [],
      "duration": 0,
      "root": true,
      "rootEmpty": true,
      "_timeout": 2000
    }
  ],
  "meta": {
    "mocha": {
      "version": "7.0.1"
    },
    "mochawesome": {
      "options": {
        "quiet": false,
        "reportFilename": "mochawesome",
        "saveHtml": true,
        "saveJson": true,
        "consoleReporter": "spec",
        "useInlineDiffs": false,
        "code": false
      },
      "version": "7.1.3"
    },
    "marge": {
      "options": {
        "id": "default",
        "reportDir": "cypress/reports/mocha-reports",
        "quite": true,
        "overwrite": false,
        "html": true,
        "json": true,
        "embeddeScreenshots": true,
        "code": false
      },
      "version": "6.2.0"
    }
  }
}