{
  "stats": {
    "suites": 1,
    "tests": 1,
    "passes": 0,
    "pending": 0,
    "failures": 1,
    "start": "2022-11-23T12:15:51.000Z",
    "end": "2022-11-23T12:15:58.442Z",
    "duration": 7442,
    "testsRegistered": 1,
    "passPercent": 0,
    "pendingPercent": 0,
    "other": 0,
    "hasOther": false,
    "skipped": 0,
    "hasSkipped": false
  },
  "results": [
    {
      "uuid": "ef58ed3e-5245-4aae-9b4d-ffed41536c9b",
      "title": "",
      "fullFile": "cypress\\e2e\\AmazonSearch.spec.cy.js",
      "file": "cypress\\e2e\\AmazonSearch.spec.cy.js",
      "beforeHooks": [],
      "afterHooks": [],
      "tests": [],
      "suites": [
        {
          "uuid": "fcf57ece-9e14-4174-8b4e-c69b4228b63d",
          "title": "Verify Search option on Amazon",
          "fullFile": "",
          "file": "",
          "beforeHooks": [],
          "afterHooks": [],
          "tests": [
            {
              "title": "Verify Search option is available ",
              "fullTitle": "Verify Search option on Amazon Verify Search option is available ",
              "timedOut": null,
              "duration": 7338,
              "state": "failed",
              "speed": null,
              "pass": false,
              "fail": true,
              "pending": false,
              "context": "{\n  \"title\": \"cypress-mochawesome-reporter-screenshots\",\n  \"value\": [\n    [\n      {\n        \"title\": \"Failed screenshot\",\n        \"value\": \"\\\\AmazonSearch.spec.cy.js\\\\Verify Search option on Amazon -- Verify Search option is available (failed).png\"\n      }\n    ]\n  ]\n}",
              "code": "",
              "err": {
                "message": "AssertionError: Timed out retrying after 3000ms: Expected to find element: `#twotabsearchtextbox`, but never found it.",
                "estack": "AssertionError: Timed out retrying after 3000ms: Expected to find element: `#twotabsearchtextbox`, but never found it.\n    at Context.eval (webpack:///./cypress/e2e/AmazonSearch.spec.cy.js:5:35)",
                "diff": null
              },
              "uuid": "ecb3de1a-c4c9-4217-a032-3b42470dc727",
              "parentUUID": "fcf57ece-9e14-4174-8b4e-c69b4228b63d",
              "isHook": false,
              "skipped": false
            }
          ],
          "suites": [],
          "passes": [],
          "failures": [
            "ecb3de1a-c4c9-4217-a032-3b42470dc727"
          ],
          "pending": [],
          "skipped": [],
          "duration": 7338,
          "root": false,
          "rootEmpty": false,
          "_timeout": 2000
        }
      ],
      "passes": [],
      "failures": [],
      "pending": [],
      "skipped": [],
      "duration": 0,
      "root": true,
      "rootEmpty": true,
      "_timeout": 2000
    }
  ],
  "meta": {
    "mocha": {
      "version": "7.0.1"
    },
    "mochawesome": {
      "options": {
        "quiet": false,
        "reportFilename": "mochawesome",
        "saveHtml": true,
        "saveJson": true,
        "consoleReporter": "spec",
        "useInlineDiffs": false,
        "code": false
      },
      "version": "7.1.3"
    },
    "marge": {
      "options": {
        "id": "default",
        "reportDir": "cypress/reports/mocha-reports",
        "quite": true,
        "overwrite": false,
        "html": true,
        "json": true,
        "code": false
      },
      "version": "6.2.0"
    }
  }
}